<?xml version="1.0" encoding="UTF-8"?>
<!-- Generated by org.testng.reporters.JUnitXMLReporter -->
<testsuite ignored="0" hostname="SEPAL-M-QVWV" failures="0" tests="5" name="UI Suite" time="11.519" errors="0" timestamp="28 Oct 2022 20:20:03 GMT">
  <testcase classname="search.google.ui.Test_Google_Home_Page" name="Verify_Google_Logo_IsPresentOnPage" time="0.033"/>
  <testcase classname="search.google.ui.Test_Google_Home_Page" name="Verify_Search_Box_Is_Present_On_the_Google_Home_Page" time="0.026"/>
  <testcase classname="search.google.ui.Test_Google_Home_Page" name="Verify_User_Is_Able_To_Search__Text" time="2.195"/>
  <testcase classname="search.google.ui.Test_Google_Home_Page" name="Verify_User_Is_Able_To_Search__Text" time="2.269"/>
  <testcase classname="search.google.ui.Test_Google_Home_Page" name="Verify_User_Is_Able_To_Search__Text" time="1.774"/>
</testsuite> <!-- UI Suite -->
