<?xml version="1.0" encoding="UTF-8"?>
<!-- Generated by org.testng.reporters.JUnitXMLReporter -->
<testsuite ignored="0" hostname="SEPAL-M-QVWV" failures="0" tests="3" name="API Test Suite" time="1.833" errors="0" timestamp="29 Oct 2022 11:52:36 GMT">
  <testcase classname="search.google.api.Test_Google_Search" name="Verify_User_Is_Able_To_Search__Text" time="0.658"/>
  <testcase classname="search.google.api.Test_Google_Search" name="Verify_User_Is_Able_To_Search__Text" time="0.216"/>
  <testcase classname="search.google.api.Test_Google_Search" name="Verify_User_Is_Able_To_Search__Text" time="0.199"/>
</testsuite> <!-- API Test Suite -->
