<?xml version="1.0" encoding="UTF-8"?>
<!-- Generated by org.testng.reporters.JUnitXMLReporter -->
<testsuite ignored="0" hostname="SEPAL-M-QVWV" failures="0" tests="5" name="UI Test Suite" time="9.654" errors="0" timestamp="29 Oct 2022 11:52:34 GMT">
  <testcase classname="search.google.ui.Test_Google_Home_Page" name="Verify_Google_Logo_IsPresentOnPage" time="0.032"/>
  <testcase classname="search.google.ui.Test_Google_Home_Page" name="Verify_Search_Box_Is_Present_On_the_Google_Home_Page" time="0.016"/>
  <testcase classname="search.google.ui.Test_Google_Home_Page" name="Verify_User_Is_Able_To_Search__Text" time="1.362"/>
  <testcase classname="search.google.ui.Test_Google_Home_Page" name="Verify_User_Is_Able_To_Search__Text" time="1.406"/>
  <testcase classname="search.google.ui.Test_Google_Home_Page" name="Verify_User_Is_Able_To_Search__Text" time="1.163"/>
</testsuite> <!-- UI Test Suite -->
