<?xml version="1.0" encoding="UTF-8"?>
<!-- Generated by org.testng.reporters.JUnitXMLReporter -->
<testsuite ignored="0" hostname="SEPAL-M-QVWV" failures="0" tests="3" name="Default test" time="2.233" errors="0" timestamp="29 Oct 2022 11:09:26 GMT">
  <testcase classname="search.google.api.Test_Google_Search" name="Verify_User_Is_Able_To_Search__Text" time="0.466"/>
  <testcase classname="search.google.api.Test_Google_Search" name="Verify_User_Is_Able_To_Search__Text" time="0.161"/>
  <testcase classname="search.google.api.Test_Google_Search" name="Verify_User_Is_Able_To_Search__Text" time="0.155"/>
</testsuite> <!-- Default test -->
